[	29-07-2020 13:11:51	] [BAN ACTION] A new ban record has been added. Player: 'GRG' was banned by 'AvaN0x' for 'Banned by staff' until '07/29/2020 13:23:51'.
[	29-07-2020 13:12:53	] [BAN ACTION] The following ban record has been removed (player unbanned). [Player: GRG was banned by AvaN0x for Banned by staff until 07/29/2020 13:23:51.]
[	29-07-2020 23:06:33	] [BAN ACTION] A new ban record has been added. Player: 'jordan weasley' was banned by 'Tereee' for 'Banned by Tereee ' until '01/01/3000 00:00:00'.
[	30-07-2020 18:06:32	] [BAN ACTION] A new ban record has been added. Player: 'Hernandez Alvaron' was banned by 'AvaN0x' for 'Banned by staff.' until '01/01/3000 00:00:00'.
[	30-07-2020 18:06:37	] [BAN ACTION] A new ban record has been added. Player: 'Max Lammer' was banned by 'AvaN0x' for 'Banned by staff.' until '01/01/3000 00:00:00'.
[	01-08-2020 16:53:48	] [BAN ACTION] A new ban record has been added. Player: 'Roberto Alieno' was banned by 'Tereee' for 'Banned by staff.' until '01/01/3000 00:00:00'.
[	02-08-2020 01:13:55	] [BAN ACTION] A new ban record has been added. Player: 'Aboubakar starfafax' was banned by 'Tereee' for 'Banned by staff.' until '01/01/3000 00:00:00'.
[	02-08-2020 01:16:38	] [BAN ACTION] A new ban record has been added. Player: 'VLADIMIR BULGA' was banned by 'BebR' for 'Banned by staff.cheat ' until '01/01/3000 00:00:00'.
[	03-08-2020 19:50:27	] [BAN ACTION] A new ban record has been added. Player: '[Noxtaz] Derek Hawkins' was banned by 'AvaN0x' for 'Banned by staff.' until '01/01/3000 00:00:00'.
[	03-08-2020 19:50:32	] [BAN ACTION] A new ban record has been added. Player: 'InvalidPlayerName' was banned by 'BebR' for 'Banned by staff.' until '01/01/3000 00:00:00'.
[	07-08-2020 18:44:04	] [BAN ACTION] A new ban record has been added. Player: 'Diego Zalez' was banned by 'GRG' for 'Banned by staff.' until '08/07/2020 19:44:04'.
[	11-08-2020 13:01:32	] [BAN ACTION] A new ban record has been added. Player: 'Mr. Green Stanley' was banned by 'AvaN0x' for 'modder' until '01/01/3000 00:00:00'.
[	11-08-2020 13:01:52	] [BAN ACTION] The following ban record has been removed (player unbanned). [Player: Mr. Green Stanley was banned by AvaN0x for modder until 01/01/3000 00:00:00.]
[	11-08-2020 13:03:16	] [BAN ACTION] A new ban record has been added. Player: 'Tyler Frost' was banned by 'AvaN0x' for 'Banned by staff.' until '01/01/3000 00:00:00'.
[	11-08-2020 16:12:57	] [BAN ACTION] A new ban record has been added. Player: 'Ugo Paquette' was banned by 'GRG' for 'Banned by staff.' until '01/01/3000 00:00:00'.
[	11-08-2020 16:12:59	] [BAN ACTION] A new ban record has been added. Player: 'InvalidPlayerName' was banned by 'AvaN0x' for 'Banned by staff.' until '01/01/3000 00:00:00'.
[	11-08-2020 19:08:09	] [KICK ACTION] Player: AvaN0x has kicked: GR€G for: You have been kicked. Reason: d.
[	11-08-2020 22:00:48	] [KICK ACTION] Player: AvaN0x has kicked: Lumia | DonCa for: You have been kicked. Reason: troll.
[	11-08-2020 22:54:52	] [BAN ACTION] A new ban record has been added. Player: 'nitoproezas' was banned by 'GRG' for 'Banned by staff.' until '01/01/3000 00:00:00'.
[	12-08-2020 06:12:18	] [BAN ACTION] A new ban record has been added. Player: 'Abdou Gossama' was banned by 'BebR' for 'Banned by staff.cheat' until '01/01/3000 00:00:00'.
[	12-08-2020 06:12:34	] [BAN ACTION] A new ban record has been added. Player: 'Lewis Jonshon' was banned by 'BebR' for 'Banned by staff.cheat' until '01/01/3000 00:00:00'.
[	12-08-2020 06:13:23	] [BAN ACTION] A new ban record has been added. Player: 'InvalidPlayerName' was banned by 'GRG' for 'Banned by staff.' until '01/01/3000 00:00:00'.
[	17-08-2020 18:57:11	] [BAN ACTION] A new ban record has been added. Player: 'Theo Conor' was banned by 'AvaN0x' for 'Banned by staff.' until '01/01/3000 00:00:00'.
[	17-08-2020 18:59:09	] [BAN ACTION] A new ban record has been added. Player: 'Romain Dede' was banned by 'GRG' for 'Banned by staff.' until '01/01/3000 00:00:00'.
[	17-08-2020 19:00:20	] [BAN ACTION] A new ban record has been added. Player: 'Edward Carrion' was banned by 'BebR' for 'Banned by staff.' until '01/01/3000 00:00:00'.
[	17-08-2020 19:00:40	] [BAN ACTION] A new ban record has been added. Player: 'Ace' was banned by 'GRG' for 'Banned by staff.' until '01/01/3000 00:00:00'.
[	17-08-2020 19:08:41	] [BAN ACTION] A new ban record has been added. Player: 'Nathan-DiggyHard' was banned by 'GRG' for 'Banned by staff.' until '01/01/3000 00:00:00'.
[	17-08-2020 23:27:47	] [BAN ACTION] A new ban record has been added. Player: 'Diego Moukate /Atlas' was banned by 'GRG' for 'Banned by staff.' until '08/18/2020 00:57:47'.
[	17-08-2020 23:27:51	] [BAN ACTION] A new ban record has been added. Player: 'InvalidPlayerName' was banned by 'GRG' for 'Banned by staff.' until '01/01/3000 00:00:00'.
[	17-08-2020 23:28:46	] [BAN ACTION] A new ban record has been added. Player: 'InvalidPlayerName' was banned by 'GRG' for 'Banned by staff.' until '01/01/3000 00:00:00'.
[	18-08-2020 22:30:27	] [BAN ACTION] A new ban record has been added. Player: 'curtis Letzer' was banned by 'GRG' for 'Banned by staff.' until '01/01/3000 00:00:00'.
[	19-08-2020 17:09:58	] [BAN ACTION] A new ban record has been added. Player: 'anthony dimitrov' was banned by 'GRG' for 'Banned by staff.' until '01/01/3000 00:00:00'.
[	19-08-2020 20:50:18	] [BAN ACTION] A new ban record has been added. Player: 'Smoke' was banned by 'GRG' for 'Banned by staff.' until '01/01/3000 00:00:00'.
[	19-08-2020 20:56:03	] [BAN ACTION] The following ban record has been removed (player unbanned). [Player: Smoke was banned by GRG for Banned by staff. until 01/01/3000 00:00:00.]
[	21-08-2020 23:14:25	] [BAN ACTION] A new ban record has been added. Player: 'InvalidPlayerName' was banned by 'GRG' for 'Banned by staff.' until '01/01/3000 00:00:00'.
[	21-08-2020 23:15:38	] [BAN ACTION] A new ban record has been added. Player: 'Mark' was banned by 'AvaN0x' for 'Banned by staff.' until '01/01/3000 00:00:00'.
[	30-08-2020 17:55:03	] [KICK ACTION] Player: AvaN0x has kicked: DtueurJ for: You have been kicked. Reason: srefg.
[	05-09-2020 15:37:01	] [KICK ACTION] Player: AvaN0x has kicked: OxyTom for: You have been kicked. Reason: va faire tes courses.
